c:\users\админ\source\repos\3d engine\debug\vc142.pdb
c:\users\админ\source\repos\3d engine\debug\vc142.idb
c:\users\админ\source\repos\3d engine\debug\3d engine.obj
c:\users\админ\desktop\3d engine\debug\vc142.pdb
c:\users\админ\desktop\3d engine\debug\vc142.idb
c:\users\админ\desktop\3d engine\debug\3d engine.obj
c:\users\админ\source\repos\3d engine\debug\3d engine.exe
c:\users\админ\source\repos\3d engine\debug\3d engine.ilk
c:\users\админ\source\repos\3d engine\debug\3d engine.pdb
c:\users\админ\desktop\3d engine\debug\3d engine.ilk
c:\users\админ\desktop\3d engine\debug\3d engine.exe
c:\users\админ\desktop\3d engine\debug\3d engine.pdb
c:\users\админ\desktop\3d engine\debug\project15.vcxproj.assemblyreference.cache
c:\users\админ\desktop\3d engine\debug\project15.vcxproj.generateresource.cache
c:\users\админ\desktop\3d engine\debug\.netframework,version=v4.7.2.assemblyattributes.obj
c:\users\админ\desktop\3d engine\debug\clientapp.obj
c:\users\админ\desktop\3d engine\debug\source.obj
c:\users\админ\desktop\3d engine\debug\clientapp.ilk
c:\users\админ\desktop\3d engine\debug\project15.myform.resources
c:\users\админ\desktop\3d engine\debug\clientapp.pdb
c:\users\админ\desktop\3d engine\debug\project15.pdb
c:\users\админ\desktop\3d engine\debug\project15.exe.metagen
c:\users\админ\desktop\3d engine\debug\3d engine.tlog\cl.command.1.tlog
c:\users\админ\desktop\3d engine\debug\3d engine.tlog\cl.read.1.tlog
c:\users\админ\desktop\3d engine\debug\3d engine.tlog\cl.write.1.tlog
c:\users\админ\desktop\3d engine\debug\3d engine.tlog\link.command.1.tlog
c:\users\админ\desktop\3d engine\debug\3d engine.tlog\link.read.1.tlog
c:\users\админ\desktop\3d engine\debug\3d engine.tlog\link.write.1.tlog
